[26-Jun-2020 01:33:58 UTC] PHP Parse error:  syntax error, unexpected '}' in /Users/timothyyau/Local Sites/gymfitness/app/public/wp-content/themes/gymfitnesswptheme/functions.php on line 18
[26-Jun-2020 01:35:58 UTC] PHP Parse error:  syntax error, unexpected '}' in /Users/timothyyau/Local Sites/gymfitness/app/public/wp-content/themes/gymfitnesswptheme/functions.php on line 18
[26-Jun-2020 15:06:13 UTC] PHP Parse error:  syntax error, unexpected 'add_theme_support' (T_STRING) in /Users/timothyyau/Local Sites/gymfitness/app/public/wp-content/themes/gymfitnesswptheme/functions.php on line 35
[26-Jun-2020 15:06:14 UTC] PHP Parse error:  syntax error, unexpected 'add_theme_support' (T_STRING) in /Users/timothyyau/Local Sites/gymfitness/app/public/wp-content/themes/gymfitnesswptheme/functions.php on line 35
[26-Jun-2020 15:06:15 UTC] PHP Parse error:  syntax error, unexpected 'add_theme_support' (T_STRING) in /Users/timothyyau/Local Sites/gymfitness/app/public/wp-content/themes/gymfitnesswptheme/functions.php on line 35
[26-Jun-2020 15:06:40 UTC] PHP Warning:  Use of undefined constant square - assumed 'square' (this will throw an Error in a future version of PHP) in /Users/timothyyau/Local Sites/gymfitness/app/public/wp-content/themes/gymfitnesswptheme/functions.php on line 32
[26-Jun-2020 15:06:40 UTC] PHP Stack trace:
[26-Jun-2020 15:06:40 UTC] PHP   1. {main}() /Users/timothyyau/Local Sites/gymfitness/app/public/wp-admin/edit.php:0
[26-Jun-2020 15:06:40 UTC] PHP   2. require_once() /Users/timothyyau/Local Sites/gymfitness/app/public/wp-admin/edit.php:10
[26-Jun-2020 15:06:40 UTC] PHP   3. require_once() /Users/timothyyau/Local Sites/gymfitness/app/public/wp-admin/admin.php:34
[26-Jun-2020 15:06:40 UTC] PHP   4. require_once() /Users/timothyyau/Local Sites/gymfitness/app/public/wp-load.php:37
[26-Jun-2020 15:06:40 UTC] PHP   5. require_once() /Users/timothyyau/Local Sites/gymfitness/app/public/wp-config.php:77
[26-Jun-2020 15:06:40 UTC] PHP   6. do_action() /Users/timothyyau/Local Sites/gymfitness/app/public/wp-settings.php:518
[26-Jun-2020 15:06:40 UTC] PHP   7. WP_Hook->do_action() /Users/timothyyau/Local Sites/gymfitness/app/public/wp-includes/plugin.php:478
[26-Jun-2020 15:06:40 UTC] PHP   8. WP_Hook->apply_filters() /Users/timothyyau/Local Sites/gymfitness/app/public/wp-includes/class-wp-hook.php:311
[26-Jun-2020 15:06:40 UTC] PHP   9. gymfitness_setup() /Users/timothyyau/Local Sites/gymfitness/app/public/wp-includes/class-wp-hook.php:287
[26-Jun-2020 15:06:40 UTC] PHP Warning:  Cannot modify header information - headers already sent by (output started at /Users/timothyyau/Local Sites/gymfitness/app/public/wp-content/themes/gymfitnesswptheme/functions.php:32) in /Users/timothyyau/Local Sites/gymfitness/app/public/wp-includes/functions.php on line 6221
[26-Jun-2020 15:06:40 UTC] PHP Stack trace:
[26-Jun-2020 15:06:40 UTC] PHP   1. {main}() /Users/timothyyau/Local Sites/gymfitness/app/public/wp-admin/edit.php:0
[26-Jun-2020 15:06:40 UTC] PHP   2. require_once() /Users/timothyyau/Local Sites/gymfitness/app/public/wp-admin/edit.php:10
[26-Jun-2020 15:06:40 UTC] PHP   3. do_action() /Users/timothyyau/Local Sites/gymfitness/app/public/wp-admin/admin.php:170
[26-Jun-2020 15:06:40 UTC] PHP   4. WP_Hook->do_action() /Users/timothyyau/Local Sites/gymfitness/app/public/wp-includes/plugin.php:478
[26-Jun-2020 15:06:40 UTC] PHP   5. WP_Hook->apply_filters() /Users/timothyyau/Local Sites/gymfitness/app/public/wp-includes/class-wp-hook.php:311
[26-Jun-2020 15:06:40 UTC] PHP   6. send_frame_options_header() /Users/timothyyau/Local Sites/gymfitness/app/public/wp-includes/class-wp-hook.php:285
[26-Jun-2020 15:06:40 UTC] PHP   7. header() /Users/timothyyau/Local Sites/gymfitness/app/public/wp-includes/functions.php:6221
[26-Jun-2020 15:06:40 UTC] PHP Warning:  Cannot modify header information - headers already sent by (output started at /Users/timothyyau/Local Sites/gymfitness/app/public/wp-content/themes/gymfitnesswptheme/functions.php:32) in /Users/timothyyau/Local Sites/gymfitness/app/public/wp-admin/includes/misc.php on line 1282
[26-Jun-2020 15:06:40 UTC] PHP Stack trace:
[26-Jun-2020 15:06:40 UTC] PHP   1. {main}() /Users/timothyyau/Local Sites/gymfitness/app/public/wp-admin/edit.php:0
[26-Jun-2020 15:06:40 UTC] PHP   2. require_once() /Users/timothyyau/Local Sites/gymfitness/app/public/wp-admin/edit.php:10
[26-Jun-2020 15:06:40 UTC] PHP   3. do_action() /Users/timothyyau/Local Sites/gymfitness/app/public/wp-admin/admin.php:170
[26-Jun-2020 15:06:40 UTC] PHP   4. WP_Hook->do_action() /Users/timothyyau/Local Sites/gymfitness/app/public/wp-includes/plugin.php:478
[26-Jun-2020 15:06:40 UTC] PHP   5. WP_Hook->apply_filters() /Users/timothyyau/Local Sites/gymfitness/app/public/wp-includes/class-wp-hook.php:311
[26-Jun-2020 15:06:40 UTC] PHP   6. wp_admin_headers() /Users/timothyyau/Local Sites/gymfitness/app/public/wp-includes/class-wp-hook.php:287
[26-Jun-2020 15:06:40 UTC] PHP   7. header() /Users/timothyyau/Local Sites/gymfitness/app/public/wp-admin/includes/misc.php:1282
[26-Jun-2020 15:06:40 UTC] PHP Warning:  Cannot modify header information - headers already sent by (output started at /Users/timothyyau/Local Sites/gymfitness/app/public/wp-content/themes/gymfitnesswptheme/functions.php:32) in /Users/timothyyau/Local Sites/gymfitness/app/public/wp-admin/admin-header.php on line 9
[26-Jun-2020 15:06:40 UTC] PHP Stack trace:
[26-Jun-2020 15:06:40 UTC] PHP   1. {main}() /Users/timothyyau/Local Sites/gymfitness/app/public/wp-admin/edit.php:0
[26-Jun-2020 15:06:40 UTC] PHP   2. require_once() /Users/timothyyau/Local Sites/gymfitness/app/public/wp-admin/edit.php:386
[26-Jun-2020 15:06:40 UTC] PHP   3. header() /Users/timothyyau/Local Sites/gymfitness/app/public/wp-admin/admin-header.php:9
[26-Jun-2020 15:06:41 UTC] PHP Warning:  Use of undefined constant square - assumed 'square' (this will throw an Error in a future version of PHP) in /Users/timothyyau/Local Sites/gymfitness/app/public/wp-content/themes/gymfitnesswptheme/functions.php on line 32
[26-Jun-2020 15:06:41 UTC] PHP Stack trace:
[26-Jun-2020 15:06:41 UTC] PHP   1. {main}() /Users/timothyyau/Local Sites/gymfitness/app/public/wp-admin/admin-ajax.php:0
[26-Jun-2020 15:06:41 UTC] PHP   2. require_once() /Users/timothyyau/Local Sites/gymfitness/app/public/wp-admin/admin-ajax.php:22
[26-Jun-2020 15:06:41 UTC] PHP   3. require_once() /Users/timothyyau/Local Sites/gymfitness/app/public/wp-load.php:37
[26-Jun-2020 15:06:41 UTC] PHP   4. require_once() /Users/timothyyau/Local Sites/gymfitness/app/public/wp-config.php:77
[26-Jun-2020 15:06:41 UTC] PHP   5. do_action() /Users/timothyyau/Local Sites/gymfitness/app/public/wp-settings.php:518
[26-Jun-2020 15:06:41 UTC] PHP   6. WP_Hook->do_action() /Users/timothyyau/Local Sites/gymfitness/app/public/wp-includes/plugin.php:478
[26-Jun-2020 15:06:41 UTC] PHP   7. WP_Hook->apply_filters() /Users/timothyyau/Local Sites/gymfitness/app/public/wp-includes/class-wp-hook.php:311
[26-Jun-2020 15:06:41 UTC] PHP   8. gymfitness_setup() /Users/timothyyau/Local Sites/gymfitness/app/public/wp-includes/class-wp-hook.php:287
[26-Jun-2020 15:06:56 UTC] PHP Warning:  Use of undefined constant square - assumed 'square' (this will throw an Error in a future version of PHP) in /Users/timothyyau/Local Sites/gymfitness/app/public/wp-content/themes/gymfitnesswptheme/functions.php on line 32
[26-Jun-2020 15:06:56 UTC] PHP Stack trace:
[26-Jun-2020 15:06:56 UTC] PHP   1. {main}() /Users/timothyyau/Local Sites/gymfitness/app/public/wp-admin/admin-ajax.php:0
[26-Jun-2020 15:06:56 UTC] PHP   2. require_once() /Users/timothyyau/Local Sites/gymfitness/app/public/wp-admin/admin-ajax.php:22
[26-Jun-2020 15:06:56 UTC] PHP   3. require_once() /Users/timothyyau/Local Sites/gymfitness/app/public/wp-load.php:37
[26-Jun-2020 15:06:56 UTC] PHP   4. require_once() /Users/timothyyau/Local Sites/gymfitness/app/public/wp-config.php:77
[26-Jun-2020 15:06:56 UTC] PHP   5. do_action() /Users/timothyyau/Local Sites/gymfitness/app/public/wp-settings.php:518
[26-Jun-2020 15:06:56 UTC] PHP   6. WP_Hook->do_action() /Users/timothyyau/Local Sites/gymfitness/app/public/wp-includes/plugin.php:478
[26-Jun-2020 15:06:56 UTC] PHP   7. WP_Hook->apply_filters() /Users/timothyyau/Local Sites/gymfitness/app/public/wp-includes/class-wp-hook.php:311
[26-Jun-2020 15:06:56 UTC] PHP   8. gymfitness_setup() /Users/timothyyau/Local Sites/gymfitness/app/public/wp-includes/class-wp-hook.php:287
[26-Jun-2020 15:06:58 UTC] PHP Warning:  Use of undefined constant square - assumed 'square' (this will throw an Error in a future version of PHP) in /Users/timothyyau/Local Sites/gymfitness/app/public/wp-content/themes/gymfitnesswptheme/functions.php on line 32
[26-Jun-2020 15:06:58 UTC] PHP Stack trace:
[26-Jun-2020 15:06:58 UTC] PHP   1. {main}() /Users/timothyyau/Local Sites/gymfitness/app/public/wp-admin/edit.php:0
[26-Jun-2020 15:06:58 UTC] PHP   2. require_once() /Users/timothyyau/Local Sites/gymfitness/app/public/wp-admin/edit.php:10
[26-Jun-2020 15:06:58 UTC] PHP   3. require_once() /Users/timothyyau/Local Sites/gymfitness/app/public/wp-admin/admin.php:34
[26-Jun-2020 15:06:58 UTC] PHP   4. require_once() /Users/timothyyau/Local Sites/gymfitness/app/public/wp-load.php:37
[26-Jun-2020 15:06:58 UTC] PHP   5. require_once() /Users/timothyyau/Local Sites/gymfitness/app/public/wp-config.php:77
[26-Jun-2020 15:06:58 UTC] PHP   6. do_action() /Users/timothyyau/Local Sites/gymfitness/app/public/wp-settings.php:518
[26-Jun-2020 15:06:58 UTC] PHP   7. WP_Hook->do_action() /Users/timothyyau/Local Sites/gymfitness/app/public/wp-includes/plugin.php:478
[26-Jun-2020 15:06:58 UTC] PHP   8. WP_Hook->apply_filters() /Users/timothyyau/Local Sites/gymfitness/app/public/wp-includes/class-wp-hook.php:311
[26-Jun-2020 15:06:58 UTC] PHP   9. gymfitness_setup() /Users/timothyyau/Local Sites/gymfitness/app/public/wp-includes/class-wp-hook.php:287
[26-Jun-2020 15:06:58 UTC] PHP Warning:  Cannot modify header information - headers already sent by (output started at /Users/timothyyau/Local Sites/gymfitness/app/public/wp-content/themes/gymfitnesswptheme/functions.php:32) in /Users/timothyyau/Local Sites/gymfitness/app/public/wp-includes/functions.php on line 6221
[26-Jun-2020 15:06:58 UTC] PHP Stack trace:
[26-Jun-2020 15:06:58 UTC] PHP   1. {main}() /Users/timothyyau/Local Sites/gymfitness/app/public/wp-admin/edit.php:0
[26-Jun-2020 15:06:58 UTC] PHP   2. require_once() /Users/timothyyau/Local Sites/gymfitness/app/public/wp-admin/edit.php:10
[26-Jun-2020 15:06:58 UTC] PHP   3. do_action() /Users/timothyyau/Local Sites/gymfitness/app/public/wp-admin/admin.php:170
[26-Jun-2020 15:06:58 UTC] PHP   4. WP_Hook->do_action() /Users/timothyyau/Local Sites/gymfitness/app/public/wp-includes/plugin.php:478
[26-Jun-2020 15:06:58 UTC] PHP   5. WP_Hook->apply_filters() /Users/timothyyau/Local Sites/gymfitness/app/public/wp-includes/class-wp-hook.php:311
[26-Jun-2020 15:06:58 UTC] PHP   6. send_frame_options_header() /Users/timothyyau/Local Sites/gymfitness/app/public/wp-includes/class-wp-hook.php:285
[26-Jun-2020 15:06:58 UTC] PHP   7. header() /Users/timothyyau/Local Sites/gymfitness/app/public/wp-includes/functions.php:6221
[26-Jun-2020 15:06:58 UTC] PHP Warning:  Cannot modify header information - headers already sent by (output started at /Users/timothyyau/Local Sites/gymfitness/app/public/wp-content/themes/gymfitnesswptheme/functions.php:32) in /Users/timothyyau/Local Sites/gymfitness/app/public/wp-admin/includes/misc.php on line 1282
[26-Jun-2020 15:06:58 UTC] PHP Stack trace:
[26-Jun-2020 15:06:58 UTC] PHP   1. {main}() /Users/timothyyau/Local Sites/gymfitness/app/public/wp-admin/edit.php:0
[26-Jun-2020 15:06:58 UTC] PHP   2. require_once() /Users/timothyyau/Local Sites/gymfitness/app/public/wp-admin/edit.php:10
[26-Jun-2020 15:06:58 UTC] PHP   3. do_action() /Users/timothyyau/Local Sites/gymfitness/app/public/wp-admin/admin.php:170
[26-Jun-2020 15:06:58 UTC] PHP   4. WP_Hook->do_action() /Users/timothyyau/Local Sites/gymfitness/app/public/wp-includes/plugin.php:478
[26-Jun-2020 15:06:58 UTC] PHP   5. WP_Hook->apply_filters() /Users/timothyyau/Local Sites/gymfitness/app/public/wp-includes/class-wp-hook.php:311
[26-Jun-2020 15:06:58 UTC] PHP   6. wp_admin_headers() /Users/timothyyau/Local Sites/gymfitness/app/public/wp-includes/class-wp-hook.php:287
[26-Jun-2020 15:06:58 UTC] PHP   7. header() /Users/timothyyau/Local Sites/gymfitness/app/public/wp-admin/includes/misc.php:1282
[26-Jun-2020 15:06:58 UTC] PHP Warning:  Cannot modify header information - headers already sent by (output started at /Users/timothyyau/Local Sites/gymfitness/app/public/wp-content/themes/gymfitnesswptheme/functions.php:32) in /Users/timothyyau/Local Sites/gymfitness/app/public/wp-admin/admin-header.php on line 9
[26-Jun-2020 15:06:58 UTC] PHP Stack trace:
[26-Jun-2020 15:06:58 UTC] PHP   1. {main}() /Users/timothyyau/Local Sites/gymfitness/app/public/wp-admin/edit.php:0
[26-Jun-2020 15:06:58 UTC] PHP   2. require_once() /Users/timothyyau/Local Sites/gymfitness/app/public/wp-admin/edit.php:386
[26-Jun-2020 15:06:58 UTC] PHP   3. header() /Users/timothyyau/Local Sites/gymfitness/app/public/wp-admin/admin-header.php:9
[27-Jun-2020 09:13:24 UTC] PHP Warning:  An unexpected error occurred. Something may be wrong with WordPress.org or this server&#8217;s configuration. If you continue to have problems, please try the <a href="https://wordpress.org/support/forums/">support forums</a>. (WordPress could not establish a secure connection to WordPress.org. Please contact your server administrator.) in /Users/timothyyau/Local Sites/gymfitness/app/public/wp-includes/update.php on line 162
[27-Jun-2020 09:13:24 UTC] PHP Stack trace:
[27-Jun-2020 09:13:24 UTC] PHP   1. {main}() /Users/timothyyau/Local Sites/gymfitness/app/public/wp-cron.php:0
[27-Jun-2020 09:13:24 UTC] PHP   2. do_action_ref_array() /Users/timothyyau/Local Sites/gymfitness/app/public/wp-cron.php:138
[27-Jun-2020 09:13:24 UTC] PHP   3. WP_Hook->do_action() /Users/timothyyau/Local Sites/gymfitness/app/public/wp-includes/plugin.php:544
[27-Jun-2020 09:13:24 UTC] PHP   4. WP_Hook->apply_filters() /Users/timothyyau/Local Sites/gymfitness/app/public/wp-includes/class-wp-hook.php:311
[27-Jun-2020 09:13:24 UTC] PHP   5. wp_version_check() /Users/timothyyau/Local Sites/gymfitness/app/public/wp-includes/class-wp-hook.php:287
[27-Jun-2020 09:13:24 UTC] PHP   6. trigger_error() /Users/timothyyau/Local Sites/gymfitness/app/public/wp-includes/update.php:162
[27-Jun-2020 09:13:24 UTC] PHP Warning:  An unexpected error occurred. Something may be wrong with WordPress.org or this server&#8217;s configuration. If you continue to have problems, please try the <a href="https://wordpress.org/support/forums/">support forums</a>. (WordPress could not establish a secure connection to WordPress.org. Please contact your server administrator.) in /Users/timothyyau/Local Sites/gymfitness/app/public/wp-includes/update.php on line 388
[27-Jun-2020 09:13:24 UTC] PHP Stack trace:
[27-Jun-2020 09:13:24 UTC] PHP   1. {main}() /Users/timothyyau/Local Sites/gymfitness/app/public/wp-cron.php:0
[27-Jun-2020 09:13:24 UTC] PHP   2. do_action_ref_array() /Users/timothyyau/Local Sites/gymfitness/app/public/wp-cron.php:138
[27-Jun-2020 09:13:24 UTC] PHP   3. WP_Hook->do_action() /Users/timothyyau/Local Sites/gymfitness/app/public/wp-includes/plugin.php:544
[27-Jun-2020 09:13:24 UTC] PHP   4. WP_Hook->apply_filters() /Users/timothyyau/Local Sites/gymfitness/app/public/wp-includes/class-wp-hook.php:311
[27-Jun-2020 09:13:24 UTC] PHP   5. wp_update_plugins() /Users/timothyyau/Local Sites/gymfitness/app/public/wp-includes/class-wp-hook.php:287
[27-Jun-2020 09:13:24 UTC] PHP   6. trigger_error() /Users/timothyyau/Local Sites/gymfitness/app/public/wp-includes/update.php:388
[27-Jun-2020 09:13:24 UTC] PHP Warning:  An unexpected error occurred. Something may be wrong with WordPress.org or this server&#8217;s configuration. If you continue to have problems, please try the <a href="https://wordpress.org/support/forums/">support forums</a>. (WordPress could not establish a secure connection to WordPress.org. Please contact your server administrator.) in /Users/timothyyau/Local Sites/gymfitness/app/public/wp-includes/update.php on line 578
[27-Jun-2020 09:13:24 UTC] PHP Stack trace:
[27-Jun-2020 09:13:24 UTC] PHP   1. {main}() /Users/timothyyau/Local Sites/gymfitness/app/public/wp-cron.php:0
[27-Jun-2020 09:13:24 UTC] PHP   2. do_action_ref_array() /Users/timothyyau/Local Sites/gymfitness/app/public/wp-cron.php:138
[27-Jun-2020 09:13:24 UTC] PHP   3. WP_Hook->do_action() /Users/timothyyau/Local Sites/gymfitness/app/public/wp-includes/plugin.php:544
[27-Jun-2020 09:13:24 UTC] PHP   4. WP_Hook->apply_filters() /Users/timothyyau/Local Sites/gymfitness/app/public/wp-includes/class-wp-hook.php:311
[27-Jun-2020 09:13:24 UTC] PHP   5. wp_update_themes() /Users/timothyyau/Local Sites/gymfitness/app/public/wp-includes/class-wp-hook.php:287
[27-Jun-2020 09:13:24 UTC] PHP   6. trigger_error() /Users/timothyyau/Local Sites/gymfitness/app/public/wp-includes/update.php:578
[27-Jun-2020 14:21:47 UTC] PHP Warning:  require(/Users/timothyyau/Local Sites/gymfitness/app/public/wp-content/themes/gymfitnesswpthemeinc/queries.php): failed to open stream: No such file or directory in /Users/timothyyau/Local Sites/gymfitness/app/public/wp-content/themes/gymfitnesswptheme/functions.php on line 3
[27-Jun-2020 14:21:47 UTC] PHP Stack trace:
[27-Jun-2020 14:21:47 UTC] PHP   1. {main}() /Users/timothyyau/Local Sites/gymfitness/app/public/wp-admin/admin-ajax.php:0
[27-Jun-2020 14:21:47 UTC] PHP   2. require_once() /Users/timothyyau/Local Sites/gymfitness/app/public/wp-admin/admin-ajax.php:22
[27-Jun-2020 14:21:47 UTC] PHP   3. require_once() /Users/timothyyau/Local Sites/gymfitness/app/public/wp-load.php:37
[27-Jun-2020 14:21:47 UTC] PHP   4. require_once() /Users/timothyyau/Local Sites/gymfitness/app/public/wp-config.php:77
[27-Jun-2020 14:21:47 UTC] PHP   5. include() /Users/timothyyau/Local Sites/gymfitness/app/public/wp-settings.php:508
[27-Jun-2020 14:21:47 UTC] PHP Fatal error:  require(): Failed opening required '/Users/timothyyau/Local Sites/gymfitness/app/public/wp-content/themes/gymfitnesswpthemeinc/queries.php' (include_path='.:/usr/share/php:/www/wp-content/pear') in /Users/timothyyau/Local Sites/gymfitness/app/public/wp-content/themes/gymfitnesswptheme/functions.php on line 3
[27-Jun-2020 14:21:47 UTC] PHP Stack trace:
[27-Jun-2020 14:21:47 UTC] PHP   1. {main}() /Users/timothyyau/Local Sites/gymfitness/app/public/wp-admin/admin-ajax.php:0
[27-Jun-2020 14:21:47 UTC] PHP   2. require_once() /Users/timothyyau/Local Sites/gymfitness/app/public/wp-admin/admin-ajax.php:22
[27-Jun-2020 14:21:47 UTC] PHP   3. require_once() /Users/timothyyau/Local Sites/gymfitness/app/public/wp-load.php:37
[27-Jun-2020 14:21:47 UTC] PHP   4. require_once() /Users/timothyyau/Local Sites/gymfitness/app/public/wp-config.php:77
[27-Jun-2020 14:21:47 UTC] PHP   5. include() /Users/timothyyau/Local Sites/gymfitness/app/public/wp-settings.php:508
[27-Jun-2020 14:23:47 UTC] PHP Warning:  require(/Users/timothyyau/Local Sites/gymfitness/app/public/wp-content/themes/gymfitnesswpthemeinc/queries.php): failed to open stream: No such file or directory in /Users/timothyyau/Local Sites/gymfitness/app/public/wp-content/themes/gymfitnesswptheme/functions.php on line 3
[27-Jun-2020 14:23:47 UTC] PHP Stack trace:
[27-Jun-2020 14:23:47 UTC] PHP   1. {main}() /Users/timothyyau/Local Sites/gymfitness/app/public/wp-admin/admin-ajax.php:0
[27-Jun-2020 14:23:47 UTC] PHP   2. require_once() /Users/timothyyau/Local Sites/gymfitness/app/public/wp-admin/admin-ajax.php:22
[27-Jun-2020 14:23:47 UTC] PHP   3. require_once() /Users/timothyyau/Local Sites/gymfitness/app/public/wp-load.php:37
[27-Jun-2020 14:23:47 UTC] PHP   4. require_once() /Users/timothyyau/Local Sites/gymfitness/app/public/wp-config.php:77
[27-Jun-2020 14:23:47 UTC] PHP   5. include() /Users/timothyyau/Local Sites/gymfitness/app/public/wp-settings.php:508
[27-Jun-2020 14:23:47 UTC] PHP Fatal error:  require(): Failed opening required '/Users/timothyyau/Local Sites/gymfitness/app/public/wp-content/themes/gymfitnesswpthemeinc/queries.php' (include_path='.:/usr/share/php:/www/wp-content/pear') in /Users/timothyyau/Local Sites/gymfitness/app/public/wp-content/themes/gymfitnesswptheme/functions.php on line 3
[27-Jun-2020 14:23:47 UTC] PHP Stack trace:
[27-Jun-2020 14:23:47 UTC] PHP   1. {main}() /Users/timothyyau/Local Sites/gymfitness/app/public/wp-admin/admin-ajax.php:0
[27-Jun-2020 14:23:47 UTC] PHP   2. require_once() /Users/timothyyau/Local Sites/gymfitness/app/public/wp-admin/admin-ajax.php:22
[27-Jun-2020 14:23:47 UTC] PHP   3. require_once() /Users/timothyyau/Local Sites/gymfitness/app/public/wp-load.php:37
[27-Jun-2020 14:23:47 UTC] PHP   4. require_once() /Users/timothyyau/Local Sites/gymfitness/app/public/wp-config.php:77
[27-Jun-2020 14:23:47 UTC] PHP   5. include() /Users/timothyyau/Local Sites/gymfitness/app/public/wp-settings.php:508
[27-Jun-2020 14:23:53 UTC] PHP Warning:  require(/Users/timothyyau/Local Sites/gymfitness/app/public/wp-content/themes/gymfitnesswpthemeinc/queries.php): failed to open stream: No such file or directory in /Users/timothyyau/Local Sites/gymfitness/app/public/wp-content/themes/gymfitnesswptheme/functions.php on line 3
[27-Jun-2020 14:23:53 UTC] PHP Stack trace:
[27-Jun-2020 14:23:53 UTC] PHP   1. {main}() /Users/timothyyau/Local Sites/gymfitness/app/public/index.php:0
[27-Jun-2020 14:23:53 UTC] PHP   2. require() /Users/timothyyau/Local Sites/gymfitness/app/public/index.php:17
[27-Jun-2020 14:23:53 UTC] PHP   3. require_once() /Users/timothyyau/Local Sites/gymfitness/app/public/wp-blog-header.php:13
[27-Jun-2020 14:23:53 UTC] PHP   4. require_once() /Users/timothyyau/Local Sites/gymfitness/app/public/wp-load.php:37
[27-Jun-2020 14:23:53 UTC] PHP   5. require_once() /Users/timothyyau/Local Sites/gymfitness/app/public/wp-config.php:77
[27-Jun-2020 14:23:53 UTC] PHP   6. include() /Users/timothyyau/Local Sites/gymfitness/app/public/wp-settings.php:508
[27-Jun-2020 14:23:53 UTC] PHP Fatal error:  require(): Failed opening required '/Users/timothyyau/Local Sites/gymfitness/app/public/wp-content/themes/gymfitnesswpthemeinc/queries.php' (include_path='.:/usr/share/php:/www/wp-content/pear') in /Users/timothyyau/Local Sites/gymfitness/app/public/wp-content/themes/gymfitnesswptheme/functions.php on line 3
[27-Jun-2020 14:23:53 UTC] PHP Stack trace:
[27-Jun-2020 14:23:53 UTC] PHP   1. {main}() /Users/timothyyau/Local Sites/gymfitness/app/public/index.php:0
[27-Jun-2020 14:23:53 UTC] PHP   2. require() /Users/timothyyau/Local Sites/gymfitness/app/public/index.php:17
[27-Jun-2020 14:23:53 UTC] PHP   3. require_once() /Users/timothyyau/Local Sites/gymfitness/app/public/wp-blog-header.php:13
[27-Jun-2020 14:23:53 UTC] PHP   4. require_once() /Users/timothyyau/Local Sites/gymfitness/app/public/wp-load.php:37
[27-Jun-2020 14:23:53 UTC] PHP   5. require_once() /Users/timothyyau/Local Sites/gymfitness/app/public/wp-config.php:77
[27-Jun-2020 14:23:53 UTC] PHP   6. include() /Users/timothyyau/Local Sites/gymfitness/app/public/wp-settings.php:508
[27-Jun-2020 14:24:47 UTC] PHP Warning:  require(/Users/timothyyau/Local Sites/gymfitness/app/public/wp-content/themes/gymfitnesswpthemeinc/queries.php): failed to open stream: No such file or directory in /Users/timothyyau/Local Sites/gymfitness/app/public/wp-content/themes/gymfitnesswptheme/functions.php on line 3
[27-Jun-2020 14:24:47 UTC] PHP Stack trace:
[27-Jun-2020 14:24:47 UTC] PHP   1. {main}() /Users/timothyyau/Local Sites/gymfitness/app/public/wp-admin/admin-ajax.php:0
[27-Jun-2020 14:24:47 UTC] PHP   2. require_once() /Users/timothyyau/Local Sites/gymfitness/app/public/wp-admin/admin-ajax.php:22
[27-Jun-2020 14:24:47 UTC] PHP   3. require_once() /Users/timothyyau/Local Sites/gymfitness/app/public/wp-load.php:37
[27-Jun-2020 14:24:47 UTC] PHP   4. require_once() /Users/timothyyau/Local Sites/gymfitness/app/public/wp-config.php:77
[27-Jun-2020 14:24:47 UTC] PHP   5. include() /Users/timothyyau/Local Sites/gymfitness/app/public/wp-settings.php:508
[27-Jun-2020 14:24:47 UTC] PHP Fatal error:  require(): Failed opening required '/Users/timothyyau/Local Sites/gymfitness/app/public/wp-content/themes/gymfitnesswpthemeinc/queries.php' (include_path='.:/usr/share/php:/www/wp-content/pear') in /Users/timothyyau/Local Sites/gymfitness/app/public/wp-content/themes/gymfitnesswptheme/functions.php on line 3
[27-Jun-2020 14:24:47 UTC] PHP Stack trace:
[27-Jun-2020 14:24:47 UTC] PHP   1. {main}() /Users/timothyyau/Local Sites/gymfitness/app/public/wp-admin/admin-ajax.php:0
[27-Jun-2020 14:24:47 UTC] PHP   2. require_once() /Users/timothyyau/Local Sites/gymfitness/app/public/wp-admin/admin-ajax.php:22
[27-Jun-2020 14:24:47 UTC] PHP   3. require_once() /Users/timothyyau/Local Sites/gymfitness/app/public/wp-load.php:37
[27-Jun-2020 14:24:47 UTC] PHP   4. require_once() /Users/timothyyau/Local Sites/gymfitness/app/public/wp-config.php:77
[27-Jun-2020 14:24:47 UTC] PHP   5. include() /Users/timothyyau/Local Sites/gymfitness/app/public/wp-settings.php:508
[27-Jun-2020 14:40:12 UTC] PHP Fatal error:  Uncaught Error: Call to undefined function gymfitness_queries_list() in /Users/timothyyau/Local Sites/gymfitness/app/public/wp-content/themes/gymfitnesswptheme/page-classes.php:5
Stack trace:
#0 /Users/timothyyau/Local Sites/gymfitness/app/public/wp-includes/template-loader.php(106): include()
#1 /Users/timothyyau/Local Sites/gymfitness/app/public/wp-blog-header.php(19): require_once('/Users/timothyy...')
#2 /Users/timothyyau/Local Sites/gymfitness/app/public/index.php(17): require('/Users/timothyy...')
#3 {main}
  thrown in /Users/timothyyau/Local Sites/gymfitness/app/public/wp-content/themes/gymfitnesswptheme/page-classes.php on line 5
[27-Jun-2020 16:58:23 UTC] PHP Warning:  An unexpected error occurred. Something may be wrong with WordPress.org or this server&#8217;s configuration. If you continue to have problems, please try the <a href="https://wordpress.org/support/forums/">support forums</a>. (WordPress could not establish a secure connection to WordPress.org. Please contact your server administrator.) in /Users/timothyyau/Local Sites/gymfitness/app/public/wp-includes/update.php on line 162
[27-Jun-2020 16:58:23 UTC] PHP Stack trace:
[27-Jun-2020 16:58:23 UTC] PHP   1. {main}() /Users/timothyyau/Local Sites/gymfitness/app/public/wp-cron.php:0
[27-Jun-2020 16:58:23 UTC] PHP   2. do_action_ref_array() /Users/timothyyau/Local Sites/gymfitness/app/public/wp-cron.php:138
[27-Jun-2020 16:58:23 UTC] PHP   3. WP_Hook->do_action() /Users/timothyyau/Local Sites/gymfitness/app/public/wp-includes/plugin.php:544
[27-Jun-2020 16:58:23 UTC] PHP   4. WP_Hook->apply_filters() /Users/timothyyau/Local Sites/gymfitness/app/public/wp-includes/class-wp-hook.php:311
[27-Jun-2020 16:58:23 UTC] PHP   5. wp_version_check() /Users/timothyyau/Local Sites/gymfitness/app/public/wp-includes/class-wp-hook.php:287
[27-Jun-2020 16:58:23 UTC] PHP   6. trigger_error() /Users/timothyyau/Local Sites/gymfitness/app/public/wp-includes/update.php:162
[27-Jun-2020 16:58:23 UTC] PHP Warning:  An unexpected error occurred. Something may be wrong with WordPress.org or this server&#8217;s configuration. If you continue to have problems, please try the <a href="https://wordpress.org/support/forums/">support forums</a>. (WordPress could not establish a secure connection to WordPress.org. Please contact your server administrator.) in /Users/timothyyau/Local Sites/gymfitness/app/public/wp-includes/update.php on line 388
[27-Jun-2020 16:58:23 UTC] PHP Stack trace:
[27-Jun-2020 16:58:23 UTC] PHP   1. {main}() /Users/timothyyau/Local Sites/gymfitness/app/public/wp-cron.php:0
[27-Jun-2020 16:58:23 UTC] PHP   2. do_action_ref_array() /Users/timothyyau/Local Sites/gymfitness/app/public/wp-cron.php:138
[27-Jun-2020 16:58:23 UTC] PHP   3. WP_Hook->do_action() /Users/timothyyau/Local Sites/gymfitness/app/public/wp-includes/plugin.php:544
[27-Jun-2020 16:58:23 UTC] PHP   4. WP_Hook->apply_filters() /Users/timothyyau/Local Sites/gymfitness/app/public/wp-includes/class-wp-hook.php:311
[27-Jun-2020 16:58:23 UTC] PHP   5. wp_update_plugins() /Users/timothyyau/Local Sites/gymfitness/app/public/wp-includes/class-wp-hook.php:287
[27-Jun-2020 16:58:23 UTC] PHP   6. trigger_error() /Users/timothyyau/Local Sites/gymfitness/app/public/wp-includes/update.php:388
[27-Jun-2020 16:58:23 UTC] PHP Warning:  An unexpected error occurred. Something may be wrong with WordPress.org or this server&#8217;s configuration. If you continue to have problems, please try the <a href="https://wordpress.org/support/forums/">support forums</a>. (WordPress could not establish a secure connection to WordPress.org. Please contact your server administrator.) in /Users/timothyyau/Local Sites/gymfitness/app/public/wp-includes/update.php on line 578
[27-Jun-2020 16:58:23 UTC] PHP Stack trace:
[27-Jun-2020 16:58:23 UTC] PHP   1. {main}() /Users/timothyyau/Local Sites/gymfitness/app/public/wp-cron.php:0
[27-Jun-2020 16:58:23 UTC] PHP   2. do_action_ref_array() /Users/timothyyau/Local Sites/gymfitness/app/public/wp-cron.php:138
[27-Jun-2020 16:58:23 UTC] PHP   3. WP_Hook->do_action() /Users/timothyyau/Local Sites/gymfitness/app/public/wp-includes/plugin.php:544
[27-Jun-2020 16:58:23 UTC] PHP   4. WP_Hook->apply_filters() /Users/timothyyau/Local Sites/gymfitness/app/public/wp-includes/class-wp-hook.php:311
[27-Jun-2020 16:58:23 UTC] PHP   5. wp_update_themes() /Users/timothyyau/Local Sites/gymfitness/app/public/wp-includes/class-wp-hook.php:287
[27-Jun-2020 16:58:23 UTC] PHP   6. trigger_error() /Users/timothyyau/Local Sites/gymfitness/app/public/wp-includes/update.php:578
[28-Jun-2020 01:17:00 UTC] PHP Fatal error:  Uncaught Error: Class 'Foo_Widget' not found in /Users/timothyyau/Local Sites/gymfitness/app/public/wp-includes/class-wp-widget-factory.php:61
Stack trace:
#0 /Users/timothyyau/Local Sites/gymfitness/app/public/wp-includes/widgets.php(115): WP_Widget_Factory->register('Foo_Widget')
#1 /Users/timothyyau/Local Sites/gymfitness/app/public/wp-content/plugins/gymfitness_widgets/gymfitness_widgets.php(86): register_widget('Foo_Widget')
#2 /Users/timothyyau/Local Sites/gymfitness/app/public/wp-includes/class-wp-hook.php(287): register_foo_widget('')
#3 /Users/timothyyau/Local Sites/gymfitness/app/public/wp-includes/class-wp-hook.php(311): WP_Hook->apply_filters('', Array)
#4 /Users/timothyyau/Local Sites/gymfitness/app/public/wp-includes/plugin.php(478): WP_Hook->do_action(Array)
#5 /Users/timothyyau/Local Sites/gymfitness/app/public/wp-includes/widgets.php(1765): do_action('widgets_init')
#6 /Users/timothyyau/Local Sites/gymfitness/app/public/wp-includes/class-wp-hook.php(287): wp_widgets_init('')
#7 /Users/timothy in /Users/timothyyau/Local Sites/gymfitness/app/public/wp-includes/class-wp-widget-factory.php on line 61
[28-Jun-2020 01:18:21 UTC] PHP Warning:  call_user_func_array() expects parameter 1 to be a valid callback, function 'register_foo_widget' not found or invalid function name in /Users/timothyyau/Local Sites/gymfitness/app/public/wp-includes/class-wp-hook.php on line 287
[28-Jun-2020 01:18:21 UTC] PHP Stack trace:
[28-Jun-2020 01:18:21 UTC] PHP   1. {main}() /Users/timothyyau/Local Sites/gymfitness/app/public/wp-admin/admin-ajax.php:0
[28-Jun-2020 01:18:21 UTC] PHP   2. require_once() /Users/timothyyau/Local Sites/gymfitness/app/public/wp-admin/admin-ajax.php:22
[28-Jun-2020 01:18:21 UTC] PHP   3. require_once() /Users/timothyyau/Local Sites/gymfitness/app/public/wp-load.php:37
[28-Jun-2020 01:18:21 UTC] PHP   4. require_once() /Users/timothyyau/Local Sites/gymfitness/app/public/wp-config.php:77
[28-Jun-2020 01:18:21 UTC] PHP   5. do_action() /Users/timothyyau/Local Sites/gymfitness/app/public/wp-settings.php:540
[28-Jun-2020 01:18:21 UTC] PHP   6. WP_Hook->do_action() /Users/timothyyau/Local Sites/gymfitness/app/public/wp-includes/plugin.php:478
[28-Jun-2020 01:18:21 UTC] PHP   7. WP_Hook->apply_filters() /Users/timothyyau/Local Sites/gymfitness/app/public/wp-includes/class-wp-hook.php:311
[28-Jun-2020 01:18:21 UTC] PHP   8. wp_widgets_init() /Users/timothyyau/Local Sites/gymfitness/app/public/wp-includes/class-wp-hook.php:287
[28-Jun-2020 01:18:21 UTC] PHP   9. do_action() /Users/timothyyau/Local Sites/gymfitness/app/public/wp-includes/widgets.php:1765
[28-Jun-2020 01:18:21 UTC] PHP  10. WP_Hook->do_action() /Users/timothyyau/Local Sites/gymfitness/app/public/wp-includes/plugin.php:478
[28-Jun-2020 01:18:21 UTC] PHP  11. WP_Hook->apply_filters() /Users/timothyyau/Local Sites/gymfitness/app/public/wp-includes/class-wp-hook.php:311
[28-Jun-2020 01:18:22 UTC] PHP Warning:  call_user_func_array() expects parameter 1 to be a valid callback, function 'register_foo_widget' not found or invalid function name in /Users/timothyyau/Local Sites/gymfitness/app/public/wp-includes/class-wp-hook.php on line 287
[28-Jun-2020 01:18:22 UTC] PHP Stack trace:
[28-Jun-2020 01:18:22 UTC] PHP   1. {main}() /Users/timothyyau/Local Sites/gymfitness/app/public/wp-admin/widgets.php:0
[28-Jun-2020 01:18:22 UTC] PHP   2. require_once() /Users/timothyyau/Local Sites/gymfitness/app/public/wp-admin/widgets.php:10
[28-Jun-2020 01:18:22 UTC] PHP   3. require_once() /Users/timothyyau/Local Sites/gymfitness/app/public/wp-admin/admin.php:34
[28-Jun-2020 01:18:22 UTC] PHP   4. require_once() /Users/timothyyau/Local Sites/gymfitness/app/public/wp-load.php:37
[28-Jun-2020 01:18:22 UTC] PHP   5. require_once() /Users/timothyyau/Local Sites/gymfitness/app/public/wp-config.php:77
[28-Jun-2020 01:18:22 UTC] PHP   6. do_action() /Users/timothyyau/Local Sites/gymfitness/app/public/wp-settings.php:540
[28-Jun-2020 01:18:22 UTC] PHP   7. WP_Hook->do_action() /Users/timothyyau/Local Sites/gymfitness/app/public/wp-includes/plugin.php:478
[28-Jun-2020 01:18:22 UTC] PHP   8. WP_Hook->apply_filters() /Users/timothyyau/Local Sites/gymfitness/app/public/wp-includes/class-wp-hook.php:311
[28-Jun-2020 01:18:22 UTC] PHP   9. wp_widgets_init() /Users/timothyyau/Local Sites/gymfitness/app/public/wp-includes/class-wp-hook.php:287
[28-Jun-2020 01:18:22 UTC] PHP  10. do_action() /Users/timothyyau/Local Sites/gymfitness/app/public/wp-includes/widgets.php:1765
[28-Jun-2020 01:18:22 UTC] PHP  11. WP_Hook->do_action() /Users/timothyyau/Local Sites/gymfitness/app/public/wp-includes/plugin.php:478
[28-Jun-2020 01:18:22 UTC] PHP  12. WP_Hook->apply_filters() /Users/timothyyau/Local Sites/gymfitness/app/public/wp-includes/class-wp-hook.php:311
[28-Jun-2020 01:18:22 UTC] PHP Warning:  Cannot modify header information - headers already sent by (output started at /Users/timothyyau/Local Sites/gymfitness/app/public/wp-includes/class-wp-hook.php:287) in /Users/timothyyau/Local Sites/gymfitness/app/public/wp-includes/functions.php on line 6221
[28-Jun-2020 01:18:22 UTC] PHP Stack trace:
[28-Jun-2020 01:18:22 UTC] PHP   1. {main}() /Users/timothyyau/Local Sites/gymfitness/app/public/wp-admin/widgets.php:0
[28-Jun-2020 01:18:22 UTC] PHP   2. require_once() /Users/timothyyau/Local Sites/gymfitness/app/public/wp-admin/widgets.php:10
[28-Jun-2020 01:18:22 UTC] PHP   3. do_action() /Users/timothyyau/Local Sites/gymfitness/app/public/wp-admin/admin.php:170
[28-Jun-2020 01:18:22 UTC] PHP   4. WP_Hook->do_action() /Users/timothyyau/Local Sites/gymfitness/app/public/wp-includes/plugin.php:478
[28-Jun-2020 01:18:22 UTC] PHP   5. WP_Hook->apply_filters() /Users/timothyyau/Local Sites/gymfitness/app/public/wp-includes/class-wp-hook.php:311
[28-Jun-2020 01:18:22 UTC] PHP   6. send_frame_options_header() /Users/timothyyau/Local Sites/gymfitness/app/public/wp-includes/class-wp-hook.php:285
[28-Jun-2020 01:18:22 UTC] PHP   7. header() /Users/timothyyau/Local Sites/gymfitness/app/public/wp-includes/functions.php:6221
[28-Jun-2020 01:18:22 UTC] PHP Warning:  Cannot modify header information - headers already sent by (output started at /Users/timothyyau/Local Sites/gymfitness/app/public/wp-includes/class-wp-hook.php:287) in /Users/timothyyau/Local Sites/gymfitness/app/public/wp-admin/includes/misc.php on line 1282
[28-Jun-2020 01:18:22 UTC] PHP Stack trace:
[28-Jun-2020 01:18:22 UTC] PHP   1. {main}() /Users/timothyyau/Local Sites/gymfitness/app/public/wp-admin/widgets.php:0
[28-Jun-2020 01:18:22 UTC] PHP   2. require_once() /Users/timothyyau/Local Sites/gymfitness/app/public/wp-admin/widgets.php:10
[28-Jun-2020 01:18:22 UTC] PHP   3. do_action() /Users/timothyyau/Local Sites/gymfitness/app/public/wp-admin/admin.php:170
[28-Jun-2020 01:18:22 UTC] PHP   4. WP_Hook->do_action() /Users/timothyyau/Local Sites/gymfitness/app/public/wp-includes/plugin.php:478
[28-Jun-2020 01:18:22 UTC] PHP   5. WP_Hook->apply_filters() /Users/timothyyau/Local Sites/gymfitness/app/public/wp-includes/class-wp-hook.php:311
[28-Jun-2020 01:18:22 UTC] PHP   6. wp_admin_headers() /Users/timothyyau/Local Sites/gymfitness/app/public/wp-includes/class-wp-hook.php:287
[28-Jun-2020 01:18:22 UTC] PHP   7. header() /Users/timothyyau/Local Sites/gymfitness/app/public/wp-admin/includes/misc.php:1282
[28-Jun-2020 01:18:22 UTC] PHP Warning:  Cannot modify header information - headers already sent by (output started at /Users/timothyyau/Local Sites/gymfitness/app/public/wp-includes/class-wp-hook.php:287) in /Users/timothyyau/Local Sites/gymfitness/app/public/wp-admin/admin-header.php on line 9
[28-Jun-2020 01:18:22 UTC] PHP Stack trace:
[28-Jun-2020 01:18:22 UTC] PHP   1. {main}() /Users/timothyyau/Local Sites/gymfitness/app/public/wp-admin/widgets.php:0
[28-Jun-2020 01:18:22 UTC] PHP   2. require_once() /Users/timothyyau/Local Sites/gymfitness/app/public/wp-admin/widgets.php:382
[28-Jun-2020 01:18:22 UTC] PHP   3. header() /Users/timothyyau/Local Sites/gymfitness/app/public/wp-admin/admin-header.php:9
[28-Jun-2020 01:19:25 UTC] PHP Warning:  call_user_func_array() expects parameter 1 to be a valid callback, function 'register_foo_widget' not found or invalid function name in /Users/timothyyau/Local Sites/gymfitness/app/public/wp-includes/class-wp-hook.php on line 287
[28-Jun-2020 01:19:25 UTC] PHP Stack trace:
[28-Jun-2020 01:19:25 UTC] PHP   1. {main}() /Users/timothyyau/Local Sites/gymfitness/app/public/wp-admin/admin-ajax.php:0
[28-Jun-2020 01:19:25 UTC] PHP   2. require_once() /Users/timothyyau/Local Sites/gymfitness/app/public/wp-admin/admin-ajax.php:22
[28-Jun-2020 01:19:25 UTC] PHP   3. require_once() /Users/timothyyau/Local Sites/gymfitness/app/public/wp-load.php:37
[28-Jun-2020 01:19:25 UTC] PHP   4. require_once() /Users/timothyyau/Local Sites/gymfitness/app/public/wp-config.php:77
[28-Jun-2020 01:19:25 UTC] PHP   5. do_action() /Users/timothyyau/Local Sites/gymfitness/app/public/wp-settings.php:540
[28-Jun-2020 01:19:25 UTC] PHP   6. WP_Hook->do_action() /Users/timothyyau/Local Sites/gymfitness/app/public/wp-includes/plugin.php:478
[28-Jun-2020 01:19:25 UTC] PHP   7. WP_Hook->apply_filters() /Users/timothyyau/Local Sites/gymfitness/app/public/wp-includes/class-wp-hook.php:311
[28-Jun-2020 01:19:25 UTC] PHP   8. wp_widgets_init() /Users/timothyyau/Local Sites/gymfitness/app/public/wp-includes/class-wp-hook.php:287
[28-Jun-2020 01:19:25 UTC] PHP   9. do_action() /Users/timothyyau/Local Sites/gymfitness/app/public/wp-includes/widgets.php:1765
[28-Jun-2020 01:19:25 UTC] PHP  10. WP_Hook->do_action() /Users/timothyyau/Local Sites/gymfitness/app/public/wp-includes/plugin.php:478
[28-Jun-2020 01:19:25 UTC] PHP  11. WP_Hook->apply_filters() /Users/timothyyau/Local Sites/gymfitness/app/public/wp-includes/class-wp-hook.php:311
[28-Jun-2020 01:19:36 UTC] PHP Warning:  call_user_func_array() expects parameter 1 to be a valid callback, function 'register_foo_widget' not found or invalid function name in /Users/timothyyau/Local Sites/gymfitness/app/public/wp-includes/class-wp-hook.php on line 287
[28-Jun-2020 01:19:36 UTC] PHP Stack trace:
[28-Jun-2020 01:19:36 UTC] PHP   1. {main}() /Users/timothyyau/Local Sites/gymfitness/app/public/wp-admin/widgets.php:0
[28-Jun-2020 01:19:36 UTC] PHP   2. require_once() /Users/timothyyau/Local Sites/gymfitness/app/public/wp-admin/widgets.php:10
[28-Jun-2020 01:19:36 UTC] PHP   3. require_once() /Users/timothyyau/Local Sites/gymfitness/app/public/wp-admin/admin.php:34
[28-Jun-2020 01:19:36 UTC] PHP   4. require_once() /Users/timothyyau/Local Sites/gymfitness/app/public/wp-load.php:37
[28-Jun-2020 01:19:36 UTC] PHP   5. require_once() /Users/timothyyau/Local Sites/gymfitness/app/public/wp-config.php:77
[28-Jun-2020 01:19:36 UTC] PHP   6. do_action() /Users/timothyyau/Local Sites/gymfitness/app/public/wp-settings.php:540
[28-Jun-2020 01:19:36 UTC] PHP   7. WP_Hook->do_action() /Users/timothyyau/Local Sites/gymfitness/app/public/wp-includes/plugin.php:478
[28-Jun-2020 01:19:36 UTC] PHP   8. WP_Hook->apply_filters() /Users/timothyyau/Local Sites/gymfitness/app/public/wp-includes/class-wp-hook.php:311
[28-Jun-2020 01:19:36 UTC] PHP   9. wp_widgets_init() /Users/timothyyau/Local Sites/gymfitness/app/public/wp-includes/class-wp-hook.php:287
[28-Jun-2020 01:19:36 UTC] PHP  10. do_action() /Users/timothyyau/Local Sites/gymfitness/app/public/wp-includes/widgets.php:1765
[28-Jun-2020 01:19:36 UTC] PHP  11. WP_Hook->do_action() /Users/timothyyau/Local Sites/gymfitness/app/public/wp-includes/plugin.php:478
[28-Jun-2020 01:19:36 UTC] PHP  12. WP_Hook->apply_filters() /Users/timothyyau/Local Sites/gymfitness/app/public/wp-includes/class-wp-hook.php:311
[28-Jun-2020 01:19:36 UTC] PHP Warning:  Cannot modify header information - headers already sent by (output started at /Users/timothyyau/Local Sites/gymfitness/app/public/wp-includes/class-wp-hook.php:287) in /Users/timothyyau/Local Sites/gymfitness/app/public/wp-includes/functions.php on line 6221
[28-Jun-2020 01:19:36 UTC] PHP Stack trace:
[28-Jun-2020 01:19:36 UTC] PHP   1. {main}() /Users/timothyyau/Local Sites/gymfitness/app/public/wp-admin/widgets.php:0
[28-Jun-2020 01:19:36 UTC] PHP   2. require_once() /Users/timothyyau/Local Sites/gymfitness/app/public/wp-admin/widgets.php:10
[28-Jun-2020 01:19:36 UTC] PHP   3. do_action() /Users/timothyyau/Local Sites/gymfitness/app/public/wp-admin/admin.php:170
[28-Jun-2020 01:19:36 UTC] PHP   4. WP_Hook->do_action() /Users/timothyyau/Local Sites/gymfitness/app/public/wp-includes/plugin.php:478
[28-Jun-2020 01:19:36 UTC] PHP   5. WP_Hook->apply_filters() /Users/timothyyau/Local Sites/gymfitness/app/public/wp-includes/class-wp-hook.php:311
[28-Jun-2020 01:19:36 UTC] PHP   6. send_frame_options_header() /Users/timothyyau/Local Sites/gymfitness/app/public/wp-includes/class-wp-hook.php:285
[28-Jun-2020 01:19:36 UTC] PHP   7. header() /Users/timothyyau/Local Sites/gymfitness/app/public/wp-includes/functions.php:6221
[28-Jun-2020 01:19:36 UTC] PHP Warning:  Cannot modify header information - headers already sent by (output started at /Users/timothyyau/Local Sites/gymfitness/app/public/wp-includes/class-wp-hook.php:287) in /Users/timothyyau/Local Sites/gymfitness/app/public/wp-admin/includes/misc.php on line 1282
[28-Jun-2020 01:19:36 UTC] PHP Stack trace:
[28-Jun-2020 01:19:36 UTC] PHP   1. {main}() /Users/timothyyau/Local Sites/gymfitness/app/public/wp-admin/widgets.php:0
[28-Jun-2020 01:19:36 UTC] PHP   2. require_once() /Users/timothyyau/Local Sites/gymfitness/app/public/wp-admin/widgets.php:10
[28-Jun-2020 01:19:36 UTC] PHP   3. do_action() /Users/timothyyau/Local Sites/gymfitness/app/public/wp-admin/admin.php:170
[28-Jun-2020 01:19:36 UTC] PHP   4. WP_Hook->do_action() /Users/timothyyau/Local Sites/gymfitness/app/public/wp-includes/plugin.php:478
[28-Jun-2020 01:19:36 UTC] PHP   5. WP_Hook->apply_filters() /Users/timothyyau/Local Sites/gymfitness/app/public/wp-includes/class-wp-hook.php:311
[28-Jun-2020 01:19:36 UTC] PHP   6. wp_admin_headers() /Users/timothyyau/Local Sites/gymfitness/app/public/wp-includes/class-wp-hook.php:287
[28-Jun-2020 01:19:36 UTC] PHP   7. header() /Users/timothyyau/Local Sites/gymfitness/app/public/wp-admin/includes/misc.php:1282
[28-Jun-2020 01:19:36 UTC] PHP Warning:  Cannot modify header information - headers already sent by (output started at /Users/timothyyau/Local Sites/gymfitness/app/public/wp-includes/class-wp-hook.php:287) in /Users/timothyyau/Local Sites/gymfitness/app/public/wp-admin/admin-header.php on line 9
[28-Jun-2020 01:19:36 UTC] PHP Stack trace:
[28-Jun-2020 01:19:36 UTC] PHP   1. {main}() /Users/timothyyau/Local Sites/gymfitness/app/public/wp-admin/widgets.php:0
[28-Jun-2020 01:19:36 UTC] PHP   2. require_once() /Users/timothyyau/Local Sites/gymfitness/app/public/wp-admin/widgets.php:382
[28-Jun-2020 01:19:36 UTC] PHP   3. header() /Users/timothyyau/Local Sites/gymfitness/app/public/wp-admin/admin-header.php:9
[28-Jun-2020 02:35:29 UTC] PHP Parse error:  syntax error, unexpected 'endwhile' (T_ENDWHILE) in /Users/timothyyau/Local Sites/gymfitness/app/public/wp-content/plugins/gymfitness_widgets/gymfitness_widgets.php on line 55
[28-Jun-2020 02:36:07 UTC] PHP Parse error:  syntax error, unexpected 'endwhile' (T_ENDWHILE) in /Users/timothyyau/Local Sites/gymfitness/app/public/wp-content/plugins/gymfitness_widgets/gymfitness_widgets.php on line 55
[01-Jul-2020 15:46:17 UTC] PHP Fatal error:  Uncaught Error: Function name must be a string in /Users/timothyyau/Local Sites/gymfitness/app/public/wp-content/themes/gymfitnesswptheme/gallery.php:18
Stack trace:
#0 /Users/timothyyau/Local Sites/gymfitness/app/public/wp-includes/template-loader.php(106): include()
#1 /Users/timothyyau/Local Sites/gymfitness/app/public/wp-blog-header.php(19): require_once('/Users/timothyy...')
#2 /Users/timothyyau/Local Sites/gymfitness/app/public/index.php(17): require('/Users/timothyy...')
#3 {main}
  thrown in /Users/timothyyau/Local Sites/gymfitness/app/public/wp-content/themes/gymfitnesswptheme/gallery.php on line 18
[02-Jul-2020 15:26:34 UTC] PHP Parse error:  syntax error, unexpected end of file in /Users/timothyyau/Local Sites/gymfitness/app/public/wp-content/plugins/gymfitness-location/gymfitness-location.php on line 32
[02-Jul-2020 15:26:41 UTC] PHP Parse error:  syntax error, unexpected end of file in /Users/timothyyau/Local Sites/gymfitness/app/public/wp-content/plugins/gymfitness-location/gymfitness-location.php on line 32
[02-Jul-2020 18:49:14 UTC] PHP Parse error:  syntax error, unexpected '}' in /Users/timothyyau/Local Sites/gymfitness/app/public/wp-content/themes/gymfitnesswptheme/functions.php on line 72
[02-Jul-2020 18:51:14 UTC] PHP Parse error:  syntax error, unexpected '}' in /Users/timothyyau/Local Sites/gymfitness/app/public/wp-content/themes/gymfitnesswptheme/functions.php on line 72
[02-Jul-2020 18:53:14 UTC] PHP Parse error:  syntax error, unexpected '}' in /Users/timothyyau/Local Sites/gymfitness/app/public/wp-content/themes/gymfitnesswptheme/functions.php on line 72
[02-Jul-2020 19:21:33 UTC] PHP Parse error:  syntax error, unexpected '}' in /Users/timothyyau/Local Sites/gymfitness/app/public/wp-content/themes/gymfitnesswptheme/functions.php on line 72
[02-Jul-2020 19:22:33 UTC] PHP Parse error:  syntax error, unexpected '}' in /Users/timothyyau/Local Sites/gymfitness/app/public/wp-content/themes/gymfitnesswptheme/functions.php on line 72
[02-Jul-2020 19:24:33 UTC] PHP Parse error:  syntax error, unexpected '}' in /Users/timothyyau/Local Sites/gymfitness/app/public/wp-content/themes/gymfitnesswptheme/functions.php on line 72
[02-Jul-2020 19:26:33 UTC] PHP Parse error:  syntax error, unexpected '}' in /Users/timothyyau/Local Sites/gymfitness/app/public/wp-content/themes/gymfitnesswptheme/functions.php on line 72
[02-Jul-2020 19:28:33 UTC] PHP Parse error:  syntax error, unexpected '}' in /Users/timothyyau/Local Sites/gymfitness/app/public/wp-content/themes/gymfitnesswptheme/functions.php on line 72
[02-Jul-2020 19:30:33 UTC] PHP Parse error:  syntax error, unexpected '}' in /Users/timothyyau/Local Sites/gymfitness/app/public/wp-content/themes/gymfitnesswptheme/functions.php on line 72
[02-Jul-2020 19:58:15 UTC] PHP Parse error:  syntax error, unexpected '}' in /Users/timothyyau/Local Sites/gymfitness/app/public/wp-content/themes/gymfitnesswptheme/functions.php on line 72
[02-Jul-2020 19:59:14 UTC] PHP Parse error:  syntax error, unexpected '}' in /Users/timothyyau/Local Sites/gymfitness/app/public/wp-content/themes/gymfitnesswptheme/functions.php on line 72
[02-Jul-2020 20:01:14 UTC] PHP Parse error:  syntax error, unexpected '}' in /Users/timothyyau/Local Sites/gymfitness/app/public/wp-content/themes/gymfitnesswptheme/functions.php on line 72
[02-Jul-2020 20:03:14 UTC] PHP Parse error:  syntax error, unexpected '}' in /Users/timothyyau/Local Sites/gymfitness/app/public/wp-content/themes/gymfitnesswptheme/functions.php on line 72
[02-Jul-2020 20:04:14 UTC] PHP Parse error:  syntax error, unexpected '}' in /Users/timothyyau/Local Sites/gymfitness/app/public/wp-content/themes/gymfitnesswptheme/functions.php on line 72
[02-Jul-2020 20:05:14 UTC] PHP Parse error:  syntax error, unexpected '}' in /Users/timothyyau/Local Sites/gymfitness/app/public/wp-content/themes/gymfitnesswptheme/functions.php on line 72
[02-Jul-2020 20:09:32 UTC] PHP Parse error:  syntax error, unexpected '}' in /Users/timothyyau/Local Sites/gymfitness/app/public/wp-content/themes/gymfitnesswptheme/functions.php on line 72
[03-Jul-2020 01:45:46 UTC] PHP Parse error:  syntax error, unexpected '}' in /Users/timothyyau/Local Sites/gymfitness/app/public/wp-content/themes/gymfitnesswptheme/functions.php on line 72
[03-Jul-2020 01:46:45 UTC] PHP Parse error:  syntax error, unexpected '}' in /Users/timothyyau/Local Sites/gymfitness/app/public/wp-content/themes/gymfitnesswptheme/functions.php on line 72
[03-Jul-2020 01:48:45 UTC] PHP Parse error:  syntax error, unexpected '}' in /Users/timothyyau/Local Sites/gymfitness/app/public/wp-content/themes/gymfitnesswptheme/functions.php on line 72
[03-Jul-2020 01:50:45 UTC] PHP Parse error:  syntax error, unexpected '}' in /Users/timothyyau/Local Sites/gymfitness/app/public/wp-content/themes/gymfitnesswptheme/functions.php on line 72
[03-Jul-2020 01:52:45 UTC] PHP Parse error:  syntax error, unexpected '}' in /Users/timothyyau/Local Sites/gymfitness/app/public/wp-content/themes/gymfitnesswptheme/functions.php on line 72
[03-Jul-2020 02:14:06 UTC] PHP Parse error:  syntax error, unexpected end of file in /Users/timothyyau/Local Sites/gymfitness/app/public/wp-content/themes/gymfitnesswptheme/front-page.php on line 8
[03-Jul-2020 18:39:56 UTC] PHP Parse error:  syntax error, unexpected end of file in /Users/timothyyau/Local Sites/gymfitness/app/public/wp-content/themes/gymfitnesswptheme/inc/queries.php on line 61
[03-Jul-2020 20:49:39 UTC] PHP Warning:  Use of undefined constant jquery - assumed 'jquery' (this will throw an Error in a future version of PHP) in /Users/timothyyau/Local Sites/gymfitness/app/public/wp-content/themes/gymfitnesswptheme/functions.php on line 35
[03-Jul-2020 20:49:39 UTC] PHP Stack trace:
[03-Jul-2020 20:49:39 UTC] PHP   1. {main}() /Users/timothyyau/Local Sites/gymfitness/app/public/index.php:0
[03-Jul-2020 20:49:39 UTC] PHP   2. require() /Users/timothyyau/Local Sites/gymfitness/app/public/index.php:17
[03-Jul-2020 20:49:39 UTC] PHP   3. require_once() /Users/timothyyau/Local Sites/gymfitness/app/public/wp-blog-header.php:19
[03-Jul-2020 20:49:39 UTC] PHP   4. include() /Users/timothyyau/Local Sites/gymfitness/app/public/wp-includes/template-loader.php:106
[03-Jul-2020 20:49:39 UTC] PHP   5. get_header() /Users/timothyyau/Local Sites/gymfitness/app/public/wp-content/themes/gymfitnesswptheme/front-page.php:1
[03-Jul-2020 20:49:39 UTC] PHP   6. locate_template() /Users/timothyyau/Local Sites/gymfitness/app/public/wp-includes/general-template.php:41
[03-Jul-2020 20:49:39 UTC] PHP   7. load_template() /Users/timothyyau/Local Sites/gymfitness/app/public/wp-includes/template.php:672
[03-Jul-2020 20:49:39 UTC] PHP   8. require_once() /Users/timothyyau/Local Sites/gymfitness/app/public/wp-includes/template.php:723
[03-Jul-2020 20:49:39 UTC] PHP   9. wp_head() /Users/timothyyau/Local Sites/gymfitness/app/public/wp-content/themes/gymfitnesswptheme/header-front.php:7
[03-Jul-2020 20:49:39 UTC] PHP  10. do_action() /Users/timothyyau/Local Sites/gymfitness/app/public/wp-includes/general-template.php:2884
[03-Jul-2020 20:49:39 UTC] PHP  11. WP_Hook->do_action() /Users/timothyyau/Local Sites/gymfitness/app/public/wp-includes/plugin.php:478
[03-Jul-2020 20:49:39 UTC] PHP  12. WP_Hook->apply_filters() /Users/timothyyau/Local Sites/gymfitness/app/public/wp-includes/class-wp-hook.php:311
[03-Jul-2020 20:49:39 UTC] PHP  13. wp_enqueue_scripts() /Users/timothyyau/Local Sites/gymfitness/app/public/wp-includes/class-wp-hook.php:287
[03-Jul-2020 20:49:39 UTC] PHP  14. do_action() /Users/timothyyau/Local Sites/gymfitness/app/public/wp-includes/script-loader.php:2294
[03-Jul-2020 20:49:39 UTC] PHP  15. WP_Hook->do_action() /Users/timothyyau/Local Sites/gymfitness/app/public/wp-includes/plugin.php:478
[03-Jul-2020 20:49:39 UTC] PHP  16. WP_Hook->apply_filters() /Users/timothyyau/Local Sites/gymfitness/app/public/wp-includes/class-wp-hook.php:311
[03-Jul-2020 20:49:39 UTC] PHP  17. gymfitness_scripts() /Users/timothyyau/Local Sites/gymfitness/app/public/wp-includes/class-wp-hook.php:287
